Flow report for saler
Wed May 09 14:36:54 2018
Quartus II 64-Bit Version 13.0.1 Build 232 06/12/2013 Service Pack 1 SJ Full Version


---------------------
; Table of Contents ;
---------------------
  1. Legal Notice
  2. Flow Summary
  3. Flow Settings
  4. Flow Non-Default Global Settings
  5. Flow Elapsed Time
  6. Flow OS Summary
  7. Flow Log
  8. Flow Messages
  9. Flow Suppressed Messages



----------------
; Legal Notice ;
----------------
Copyright (C) 1991-2013 Altera Corporation
Your use of Altera Corporation's design tools, logic functions 
and other software and tools, and its AMPP partner logic 
functions, and any output files from any of the foregoing 
(including device programming or simulation files), and any 
associated documentation or information are expressly subject 
to the terms and conditions of the Altera Program License 
Subscription Agreement, Altera MegaCore Function License 
Agreement, or other applicable license agreement, including, 
without limitation, that your use is for the sole purpose of 
programming logic devices manufactured by Altera and sold by 
Altera or its authorized distributors.  Please refer to the 
applicable agreement for further details.



+----------------------------------------------------------------------------------------+
; Flow Summary                                                                           ;
+-------------------------------------+--------------------------------------------------+
; Flow Status                         ; Successful - Wed May 09 14:36:54 2018            ;
; Quartus II 64-Bit Version           ; 13.0.1 Build 232 06/12/2013 SP 1 SJ Full Version ;
; Revision Name                       ; saler                                            ;
; Top-level Entity Name               ; saler                                            ;
; Family                              ; Cyclone V                                        ;
; Device                              ; 5CEFA2F23C8                                      ;
; Timing Models                       ; Final                                            ;
; Logic utilization (in ALMs)         ; 686 / 9,430 ( 7 % )                              ;
; Total registers                     ; 165                                              ;
; Total pins                          ; 34 / 224 ( 15 % )                                ;
; Total virtual pins                  ; 0                                                ;
; Total block memory bits             ; 0 / 1,802,240 ( 0 % )                            ;
; Total DSP Blocks                    ; 1 / 25 ( 4 % )                                   ;
; Total HSSI RX PCSs                  ; 0                                                ;
; Total HSSI PMA RX Deserializers     ; 0                                                ;
; Total HSSI PMA RX ATT Deserializers ; 0                                                ;
; Total HSSI TX PCSs                  ; 0                                                ;
; Total HSSI PMA TX Serializers       ; 0                                                ;
; Total HSSI PMA TX ATT Serializers   ; 0                                                ;
; Total PLLs                          ; 0 / 4 ( 0 % )                                    ;
; Total DLLs                          ; 0 / 4 ( 0 % )                                    ;
+-------------------------------------+--------------------------------------------------+


+-----------------------------------------+
; Flow Settings                           ;
+-------------------+---------------------+
; Option            ; Setting             ;
+-------------------+---------------------+
; Start date & time ; 05/09/2018 14:35:52 ;
; Main task         ; Compilation         ;
; Revision Name     ; saler               ;
+-------------------+---------------------+


+----------------------------------------------------------------------------------------------------------------------+
; Flow Non-Default Global Settings                                                                                     ;
+-------------------------------------+---------------------------------+---------------+-------------+----------------+
; Assignment Name                     ; Value                           ; Default Value ; Entity Name ; Section Id     ;
+-------------------------------------+---------------------------------+---------------+-------------+----------------+
; COMPILER_SIGNATURE_ID               ; 118796724527261.152584775205596 ; --            ; --          ; --             ;
; EDA_OUTPUT_DATA_FORMAT              ; Vhdl                            ; --            ; --          ; eda_simulation ;
; EDA_SIMULATION_TOOL                 ; ModelSim (VHDL)                 ; <None>        ; --          ; --             ;
; EDA_TIME_SCALE                      ; 1 ps                            ; --            ; --          ; eda_simulation ;
; MAX_CORE_JUNCTION_TEMP              ; 85                              ; --            ; --          ; --             ;
; MIN_CORE_JUNCTION_TEMP              ; 0                               ; --            ; --          ; --             ;
; PARTITION_COLOR                     ; 16764057                        ; --            ; --          ; Top            ;
; PARTITION_FITTER_PRESERVATION_LEVEL ; PLACEMENT_AND_ROUTING           ; --            ; --          ; Top            ;
; PARTITION_NETLIST_TYPE              ; SOURCE                          ; --            ; --          ; Top            ;
; PROJECT_OUTPUT_DIRECTORY            ; output_files                    ; --            ; --          ; --             ;
+-------------------------------------+---------------------------------+---------------+-------------+----------------+


+-------------------------------------------------------------------------------------------------------------------------------+
; Flow Elapsed Time                                                                                                             ;
+---------------------------+--------------+-------------------------+---------------------+------------------------------------+
; Module Name               ; Elapsed Time ; Average Processors Used ; Peak Virtual Memory ; Total CPU Time (on all processors) ;
+---------------------------+--------------+-------------------------+---------------------+------------------------------------+
; Analysis & Synthesis      ; 00:00:04     ; 1.0                     ; 555 MB              ; 00:00:04                           ;
; Fitter                    ; 00:00:39     ; 1.9                     ; 1770 MB             ; 00:00:50                           ;
; Assembler                 ; 00:00:05     ; 1.0                     ; 577 MB              ; 00:00:05                           ;
; TimeQuest Timing Analyzer ; 00:00:09     ; 1.0                     ; 1040 MB             ; 00:00:11                           ;
; EDA Netlist Writer        ; 00:00:01     ; 1.0                     ; 459 MB              ; 00:00:01                           ;
; Total                     ; 00:00:58     ; --                      ; --                  ; 00:01:11                           ;
+---------------------------+--------------+-------------------------+---------------------+------------------------------------+


+----------------------------------------------------------------------------------------+
; Flow OS Summary                                                                        ;
+---------------------------+------------------+-----------+------------+----------------+
; Module Name               ; Machine Hostname ; OS Name   ; OS Version ; Processor type ;
+---------------------------+------------------+-----------+------------+----------------+
; Analysis & Synthesis      ; liyh-2F          ; Windows 7 ; 6.1        ; x86_64         ;
; Fitter                    ; liyh-2F          ; Windows 7 ; 6.1        ; x86_64         ;
; Assembler                 ; liyh-2F          ; Windows 7 ; 6.1        ; x86_64         ;
; TimeQuest Timing Analyzer ; liyh-2F          ; Windows 7 ; 6.1        ; x86_64         ;
; EDA Netlist Writer        ; liyh-2F          ; Windows 7 ; 6.1        ; x86_64         ;
+---------------------------+------------------+-----------+------------+----------------+


------------
; Flow Log ;
------------
quartus_map --read_settings_files=on --write_settings_files=off saler -c saler
quartus_fit --read_settings_files=off --write_settings_files=off saler -c saler
quartus_asm --read_settings_files=off --write_settings_files=off saler -c saler
quartus_sta saler -c saler
quartus_eda --read_settings_files=off --write_settings_files=off saler -c saler



